This is pdfTeX, Version 3.141592653-2.6-1.40.24 (MiKTeX 22.10) (preloaded format=pdflatex 2022.11.2)  2 NOV 2022 14:15
entering extended mode
 restricted \write18 enabled.
 %&-line parsing enabled.
**./P1Serie4.tex
(P1Serie4.tex
LaTeX2e <2022-06-01> patch level 5
L3 programming layer <2022-10-26>
(C:\Users\manue\AppData\Local\Programs\MiKTeX\tex/latex/base\article.cls
Document Class: article 2021/10/04 v1.4n Standard LaTeX document class
(C:\Users\manue\AppData\Local\Programs\MiKTeX\tex/latex/base\size10.clo
File: size10.clo 2021/10/04 v1.4n Standard LaTeX file (size option)
)
\c@part=\count185
\c@section=\count186
\c@subsection=\count187
\c@subsubsection=\count188
\c@paragraph=\count189
\c@subparagraph=\count190
\c@figure=\count191
\c@table=\count192
\abovecaptionskip=\skip47
\belowcaptionskip=\skip48
\bibindent=\dimen138
)
(C:\Users\manue\AppData\Local\Programs\MiKTeX\tex/latex/l3backend\l3backend-pdf
tex.def
File: l3backend-pdftex.def 2022-10-26 L3 backend support: PDF output (pdfTeX)
\l__color_backend_stack_int=\count193
\l__pdf_internal_box=\box51
) (P1Serie4.aux)
\openout1 = `P1Serie4.aux'.

LaTeX Font Info:    Checking defaults for OML/cmm/m/it on input line 7.
LaTeX Font Info:    ... okay on input line 7.
LaTeX Font Info:    Checking defaults for OMS/cmsy/m/n on input line 7.
LaTeX Font Info:    ... okay on input line 7.
LaTeX Font Info:    Checking defaults for OT1/cmr/m/n on input line 7.
LaTeX Font Info:    ... okay on input line 7.
LaTeX Font Info:    Checking defaults for T1/cmr/m/n on input line 7.
LaTeX Font Info:    ... okay on input line 7.
LaTeX Font Info:    Checking defaults for TS1/cmr/m/n on input line 7.
LaTeX Font Info:    ... okay on input line 7.
LaTeX Font Info:    Checking defaults for OMX/cmex/m/n on input line 7.
LaTeX Font Info:    ... okay on input line 7.
LaTeX Font Info:    Checking defaults for U/cmr/m/n on input line 7.
LaTeX Font Info:    ... okay on input line 7.
LaTeX Font Info:    External font `cmex10' loaded for size
(Font)              <12> on input line 8.
LaTeX Font Info:    External font `cmex10' loaded for size
(Font)              <8> on input line 8.
LaTeX Font Info:    External font `cmex10' loaded for size
(Font)              <6> on input line 8.

! Extra alignment tab has been changed to \cr.
<recently read> \endtemplate 
                             
l.8 \maketitle
              
? r
OK, entering \nonstopmode...

Underfull \hbox (badness 10000) in paragraph at lines 11--16

 []


! LaTeX Error: Unicode character ̈ (U+0308)
               not set up for use with LaTeX.

See the LaTeX manual or LaTeX Companion for explanation.
Type  H <return>  for immediate help.
 ...                                              
                                                  
l.25 ...wenn genau zwei Seiten gleich lang sind).}
                                                  
You may provide a definition with
\DeclareUnicodeCharacter 


Overfull \hbox (13.56459pt too wide) in paragraph at lines 25--25
\OT1/cmr/bx/n/14.4 drei ganze Zahlen als Pa-ram-e-ter ent-ge-gen-nimmt
 []


Overfull \hbox (6.08969pt too wide) in paragraph at lines 25--25
\OT1/cmr/bx/n/14.4 Die Meth-ode gibt true zur^^?uck, falls das Dreieck
 []


Overfull \hbox (27.74675pt too wide) in paragraph at lines 30--30
[]        \OT1/cmtt/m/n/10 return (!(x == y && y == z ) && (x == y || y == z ||
 z == x ));[] 
 []

[1

{C:/Users/manue/AppData/Local/MiKTeX/fonts/map/pdftex/pdftex.map}]
Overfull \hbox (7.99797pt too wide) in paragraph at lines 32--32
\OT1/cmr/bx/n/14.4 einem als Pa-ram-e-ter ^^?ubergebenem String name
 []


Overfull \hbox (6.74693pt too wide) in paragraph at lines 38--38
[]        \OT1/cmtt/m/n/10 return name.length()==0 ? 0 : (name.charAt(0)==c ? 1
 : 0) +[] 
 []


Overfull \hbox (38.23796pt too wide) in paragraph at lines 41--41
[]\OT1/cmr/bx/n/14.4 Welche Aus-gabe erzeugt fol-gen-des Code-Fragment? 
 []


Underfull \hbox (badness 10000) in paragraph at lines 42--47

 []


Overfull \hbox (38.23796pt too wide) in paragraph at lines 47--47
[]\OT1/cmr/bx/n/14.4 Welche Aus-gabe erzeugt fol-gen-des Code-Fragment? 
 []


Underfull \hbox (badness 10000) in paragraph at lines 48--54

 []


Overfull \hbox (2.49791pt too wide) in paragraph at lines 54--54
[]\OT1/cmr/bx/n/14.4 Schreiben Sie das fol-gende Code-Fragment mit
 []

[2] [3] (P1Serie4.aux) ) 
Here is how much of TeX's memory you used:
 456 strings out of 475380
 8818 string characters out of 2776772
 353673 words of memory out of 3000000
 21913 multiletter control sequences out of 15000+600000
 473067 words of font info for 41 fonts, out of 8000000 for 9000
 1141 hyphenation exceptions out of 8191
 34i,7n,38p,414b,272s stack positions out of 10000i,1000n,20000p,200000b,80000s
<C:/Users/manue/AppData/Local/Programs/MiKTeX/fonts/typ
e1/public/amsfonts/cm/cmbx12.pfb><C:/Users/manue/AppData/Local/Programs/MiKTeX/
fonts/type1/public/amsfonts/cm/cmr10.pfb><C:/Users/manue/AppData/Local/Programs
/MiKTeX/fonts/type1/public/amsfonts/cm/cmr12.pfb><C:/Users/manue/AppData/Local/
Programs/MiKTeX/fonts/type1/public/amsfonts/cm/cmr17.pfb><C:/Users/manue/AppDat
a/Local/Programs/MiKTeX/fonts/type1/public/amsfonts/cm/cmtt10.pfb>
Output written on P1Serie4.pdf (3 pages, 82808 bytes).
PDF statistics:
 37 PDF objects out of 1000 (max. 8388607)
 0 named destinations out of 1000 (max. 500000)
 1 words of extra memory for PDF output out of 10000 (max. 10000000)

