This is pdfTeX, Version 3.141592653-2.6-1.40.24 (MiKTeX 22.10) (preloaded format=pdflatex 2022.11.2)  2 NOV 2022 13:51
entering extended mode
 restricted \write18 enabled.
 %&-line parsing enabled.
**P1Serie4.texx
(C:\Users\manue\AppData\Local\Programs\MiKTeX\tex/latex/tools\r.tex
LaTeX2e <2022-06-01> patch level 5
L3 programming layer <2022-10-26> File ignored
)
! Emergency stop.
<*> P1Serie4.texx
                 
*** (job aborted, no legal \end found)

 
Here is how much of TeX's memory you used:
 20 strings out of 475380
 506 string characters out of 2776772
 340183 words of memory out of 3000000
 21504 multiletter control sequences out of 15000+600000
 469259 words of font info for 28 fonts, out of 8000000 for 9000
 1141 hyphenation exceptions out of 8191
 13i,0n,12p,93b,10s stack positions out of 10000i,1000n,20000p,200000b,80000s
!  ==> Fatal error occurred, no output PDF file produced!
